Build started 10.11.2015 11:10:32.
     1>Project "D:\Мои документы\Учебное\МСИСИТ\metr1\metr1\metr1.vcxproj" on node 2 (build target(s)).
     1>InitializeBuildStatus:
         Creating "Debug\metr1.unsuccessfulbuild" because "AlwaysCreate" was specified.
       ClCompile:
         C:\Program Files (x86)\Microsoft Visual Studio 10.0\VC\bin\CL.exe /c /ZI /nologo /W3 /WX- /Od /Oy- /D _MBCS /Gm /EHsc /RTC1 /MDd /GS /fp:precise /Zc:wchar_t /Zc:forScope /Fo"Debug\\" /Fd"Debug\vc100.pdb" /Gd /TP /analyze- /errorReport:prompt try.cpp
         try.cpp
     1>d:\мои документы\учебное\мсисит\metr1\metr1\try.cpp(11): warning C4996: 'fopen': This function or variable may be unsafe. Consider using fopen_s instead. To disable deprecation, use _CRT_SECURE_NO_WARNINGS. See online help for details.
                 c:\program files (x86)\microsoft visual studio 10.0\vc\include\stdio.h(234) : see declaration of 'fopen'
     1>d:\мои документы\учебное\мсисит\metr1\metr1\try.cpp(39): warning C4996: 'fopen': This function or variable may be unsafe. Consider using fopen_s instead. To disable deprecation, use _CRT_SECURE_NO_WARNINGS. See online help for details.
                 c:\program files (x86)\microsoft visual studio 10.0\vc\include\stdio.h(234) : see declaration of 'fopen'
     1>d:\мои документы\учебное\мсисит\metr1\metr1\try.cpp(41): warning C4996: 'fopen': This function or variable may be unsafe. Consider using fopen_s instead. To disable deprecation, use _CRT_SECURE_NO_WARNINGS. See online help for details.
                 c:\program files (x86)\microsoft visual studio 10.0\vc\include\stdio.h(234) : see declaration of 'fopen'
     1>d:\мои документы\учебное\мсисит\metr1\metr1\try.cpp(52): warning C4018: '<' : signed/unsigned mismatch
     1>d:\мои документы\учебное\мсисит\metr1\metr1\try.cpp(120): warning C4018: '<' : signed/unsigned mismatch
     1>d:\мои документы\учебное\мсисит\metr1\metr1\try.cpp(274): warning C4018: '<' : signed/unsigned mismatch
       Link:
         C:\Program Files (x86)\Microsoft Visual Studio 10.0\VC\bin\link.exe /ERRORREPORT:PROMPT /OUT:"D:\Мои документы\Учебное\МСИСИТ\metr1\Debug\metr1.exe" /NOLOGO kernel32.lib user32.lib gdi32.lib winspool.lib comdlg32.lib advapi32.lib shell32.lib ole32.lib oleaut32.lib uuid.lib odbc32.lib odbccp32.lib /MANIFEST /ManifestFile:"Debug\metr1.exe.intermediate.manifest" /MANIFESTUAC:"level='asInvoker' uiAccess='false'" /DEBUG /PDB:"D:\Мои документы\Учебное\МСИСИТ\metr1\Debug\metr1.pdb" /TLBID:1 /DYNAMICBASE /NXCOMPAT /IMPLIB:"D:\Мои документы\Учебное\МСИСИТ\metr1\Debug\metr1.lib" /MACHINE:X86 Debug\try.obj
         LINK : D:\Мои документы\Учебное\МСИСИТ\metr1\Debug\metr1.exe not found or not built by the last incremental link; performing full link
         metr1.vcxproj -> D:\Мои документы\Учебное\МСИСИТ\metr1\Debug\metr1.exe
       Manifest:
         C:\Program Files (x86)\Microsoft SDKs\Windows\v7.0A\bin\mt.exe /nologo /verbose /outputresource:"D:\Мои документы\Учебное\МСИСИТ\metr1\Debug\metr1.exe;#1" /manifest Debug\metr1.exe.intermediate.manifest
       FinalizeBuildStatus:
         Deleting file "Debug\metr1.unsuccessfulbuild".
         Touching "Debug\metr1.lastbuildstate".
     1>Done Building Project "D:\Мои документы\Учебное\МСИСИТ\metr1\metr1\metr1.vcxproj" (build target(s)).

Build succeeded.

Time Elapsed 00:00:01.57
